2017-07-02 16:33:02,207 - 
2017-07-02 16:33:02,207 - DfFlutistLog4JLogSystem initialized using logfile './log/velocity.log'
2017-07-02 16:33:02,207 - Initializing Velocity, Calling init()...
2017-07-02 16:33:02,207 - *******************************************************************
2017-07-02 16:33:02,207 - Starting Apache Velocity v1.7 (compiled: 2010-11-19 12:14:37)
2017-07-02 16:33:02,207 - RuntimeInstance initializing.
2017-07-02 16:33:02,207 - Default Properties File: org/apache/velocity/runtime/defaults/velocity.properties
2017-07-02 16:33:02,207 - Trying to use logger class org.dbflute.friends.velocity.DfFlutistLog4JLogSystem
2017-07-02 16:33:02,207 - Using logger class org.dbflute.friends.velocity.DfFlutistLog4JLogSystem
2017-07-02 16:33:02,209 - Default ResourceManager initializing. (class org.apache.velocity.runtime.resource.ResourceManagerImpl)
2017-07-02 16:33:02,213 - ResourceLoader instantiated: org.apache.velocity.runtime.resource.loader.FileResourceLoader
2017-07-02 16:33:02,214 - FileResourceLoader : initialization starting.
2017-07-02 16:33:02,214 - Do unicode file recognition:  false
2017-07-02 16:33:02,214 - FileResourceLoader : adding path '/Users/kosuke/project/springBoot/demoApp/mydbflute/dbflute-1.1.1/templates'
2017-07-02 16:33:02,214 - FileResourceLoader : initialization complete.
2017-07-02 16:33:02,227 - ResourceCache: initialized (class org.apache.velocity.runtime.resource.ResourceCacheImpl) with class java.util.Collections$SynchronizedMap cache map.
2017-07-02 16:33:02,227 - Default ResourceManager initialization complete.
2017-07-02 16:33:02,228 - Loaded System Directive: org.apache.velocity.runtime.directive.Stop
2017-07-02 16:33:02,230 - Loaded System Directive: org.apache.velocity.runtime.directive.Define
2017-07-02 16:33:02,230 - Loaded System Directive: org.apache.velocity.runtime.directive.Break
2017-07-02 16:33:02,231 - Loaded System Directive: org.apache.velocity.runtime.directive.Evaluate
2017-07-02 16:33:02,231 - Loaded System Directive: org.apache.velocity.runtime.directive.Literal
2017-07-02 16:33:02,233 - Loaded System Directive: org.apache.velocity.runtime.directive.Macro
2017-07-02 16:33:02,234 - Loaded System Directive: org.apache.velocity.runtime.directive.Parse
2017-07-02 16:33:02,236 - Loaded System Directive: org.apache.velocity.runtime.directive.Include
2017-07-02 16:33:02,239 - Loaded System Directive: org.apache.velocity.runtime.directive.Foreach
2017-07-02 16:33:02,274 - Created '20' parsers.
2017-07-02 16:33:02,280 - Velocimacro : initialization starting.
2017-07-02 16:33:02,280 - Velocimacro : "velocimacro.library" is not set.  Trying default library: VM_global_library.vm
2017-07-02 16:33:02,281 - Velocimacro : Default library not found.
2017-07-02 16:33:02,281 - Velocimacro : allowInline = true : VMs can be defined inline in templates
2017-07-02 16:33:02,281 - Velocimacro : allowInlineToOverride = false : VMs defined inline may NOT replace previous VM definitions
2017-07-02 16:33:02,281 - Velocimacro : allowInlineLocal = false : VMs defined inline will be global in scope if allowed.
2017-07-02 16:33:02,281 - Velocimacro : autoload off : VM system will not automatically reload global library macros
2017-07-02 16:33:02,281 - Velocimacro : Velocimacro : initialization complete.
2017-07-02 16:33:02,281 - RuntimeInstance successfully initialized.
2017-07-02 16:33:02,302 - ResourceManager : found doc/ControlDocument.vm with loader org.apache.velocity.runtime.resource.loader.FileResourceLoader
2017-07-02 16:33:02,401 - ResourceManager : found doc/html/datamodel.vm with loader org.apache.velocity.runtime.resource.loader.FileResourceLoader
2017-07-02 16:33:02,442 - ResourceManager : found doc/html/table.vm with loader org.apache.velocity.runtime.resource.loader.FileResourceLoader
2017-07-02 16:33:04,418 - 
2017-07-02 16:33:04,418 - DfFlutistLog4JLogSystem initialized using logfile './log/velocity.log'
2017-07-02 16:33:04,418 - Initializing Velocity, Calling init()...
2017-07-02 16:33:04,418 - *******************************************************************
2017-07-02 16:33:04,418 - Starting Apache Velocity v1.7 (compiled: 2010-11-19 12:14:37)
2017-07-02 16:33:04,419 - RuntimeInstance initializing.
2017-07-02 16:33:04,419 - Default Properties File: org/apache/velocity/runtime/defaults/velocity.properties
2017-07-02 16:33:04,419 - Trying to use logger class org.dbflute.friends.velocity.DfFlutistLog4JLogSystem
2017-07-02 16:33:04,419 - Using logger class org.dbflute.friends.velocity.DfFlutistLog4JLogSystem
2017-07-02 16:33:04,421 - Default ResourceManager initializing. (class org.apache.velocity.runtime.resource.ResourceManagerImpl)
2017-07-02 16:33:04,425 - ResourceLoader instantiated: org.apache.velocity.runtime.resource.loader.FileResourceLoader
2017-07-02 16:33:04,426 - FileResourceLoader : initialization starting.
2017-07-02 16:33:04,426 - Do unicode file recognition:  false
2017-07-02 16:33:04,426 - FileResourceLoader : adding path '/Users/kosuke/project/springBoot/demoApp/mydbflute/dbflute-1.1.1/templates'
2017-07-02 16:33:04,426 - FileResourceLoader : initialization complete.
2017-07-02 16:33:04,435 - ResourceCache: initialized (class org.apache.velocity.runtime.resource.ResourceCacheImpl) with class java.util.Collections$SynchronizedMap cache map.
2017-07-02 16:33:04,435 - Default ResourceManager initialization complete.
2017-07-02 16:33:04,436 - Loaded System Directive: org.apache.velocity.runtime.directive.Stop
2017-07-02 16:33:04,437 - Loaded System Directive: org.apache.velocity.runtime.directive.Define
2017-07-02 16:33:04,437 - Loaded System Directive: org.apache.velocity.runtime.directive.Break
2017-07-02 16:33:04,438 - Loaded System Directive: org.apache.velocity.runtime.directive.Evaluate
2017-07-02 16:33:04,438 - Loaded System Directive: org.apache.velocity.runtime.directive.Literal
2017-07-02 16:33:04,439 - Loaded System Directive: org.apache.velocity.runtime.directive.Macro
2017-07-02 16:33:04,441 - Loaded System Directive: org.apache.velocity.runtime.directive.Parse
2017-07-02 16:33:04,441 - Loaded System Directive: org.apache.velocity.runtime.directive.Include
2017-07-02 16:33:04,442 - Loaded System Directive: org.apache.velocity.runtime.directive.Foreach
2017-07-02 16:33:04,477 - Created '20' parsers.
2017-07-02 16:33:04,481 - Velocimacro : initialization starting.
2017-07-02 16:33:04,482 - Velocimacro : "velocimacro.library" is not set.  Trying default library: VM_global_library.vm
2017-07-02 16:33:04,482 - Velocimacro : Default library not found.
2017-07-02 16:33:04,482 - Velocimacro : allowInline = true : VMs can be defined inline in templates
2017-07-02 16:33:04,482 - Velocimacro : allowInlineToOverride = false : VMs defined inline may NOT replace previous VM definitions
2017-07-02 16:33:04,482 - Velocimacro : allowInlineLocal = false : VMs defined inline will be global in scope if allowed.
2017-07-02 16:33:04,482 - Velocimacro : autoload off : VM system will not automatically reload global library macros
2017-07-02 16:33:04,482 - Velocimacro : Velocimacro : initialization complete.
2017-07-02 16:33:04,482 - RuntimeInstance successfully initialized.
2017-07-02 16:33:04,592 - ResourceManager : found om/ControlGenerateJava.vm with loader org.apache.velocity.runtime.resource.loader.FileResourceLoader
2017-07-02 16:33:04,678 - ResourceManager : found om/java/allcommon/CDef.vm with loader org.apache.velocity.runtime.resource.loader.FileResourceLoader
2017-07-02 16:33:04,705 - ResourceManager : found om/java/allcommon/DBCurrent.vm with loader org.apache.velocity.runtime.resource.loader.FileResourceLoader
2017-07-02 16:33:04,717 - ResourceManager : found om/java/allcommon/DBFluteConfig.vm with loader org.apache.velocity.runtime.resource.loader.FileResourceLoader
2017-07-02 16:33:04,726 - Null reference [template 'om/java/allcommon/DBFluteConfig.vm', line 1107, column 59] : $PoolGuardConnectionWrapper cannot be resolved.
2017-07-02 16:33:04,731 - ResourceManager : found om/java/allcommon/DBFluteInitializer.vm with loader org.apache.velocity.runtime.resource.loader.FileResourceLoader
2017-07-02 16:33:04,736 - ResourceManager : found om/java/allcommon/DBMetaInstanceHandler.vm with loader org.apache.velocity.runtime.resource.loader.FileResourceLoader
2017-07-02 16:33:04,747 - ResourceManager : found om/java/allcommon/EntityDefinedCommonColumn.vm with loader org.apache.velocity.runtime.resource.loader.FileResourceLoader
2017-07-02 16:33:04,775 - ResourceManager : found om/java/allcommon/ImplementedBehaviorSelector.vm with loader org.apache.velocity.runtime.resource.loader.FileResourceLoader
2017-07-02 16:33:04,780 - ResourceManager : found om/java/allcommon/ImplementedCommonColumnAutoSetupper.vm with loader org.apache.velocity.runtime.resource.loader.FileResourceLoader
2017-07-02 16:33:04,802 - ResourceManager : found om/java/allcommon/ImplementedInvokerAssistant.vm with loader org.apache.velocity.runtime.resource.loader.FileResourceLoader
2017-07-02 16:33:04,810 - ResourceManager : found om/java/allcommon/ImplementedSqlClauseCreator.vm with loader org.apache.velocity.runtime.resource.loader.FileResourceLoader
2017-07-02 16:33:04,817 - ResourceManager : found om/java/allcommon/container/spring/SpringDBFluteBeansJavaConfig.vm with loader org.apache.velocity.runtime.resource.loader.FileResourceLoader
2017-07-02 16:33:04,872 - Null reference [template 'om/ControlGenerateJava.vm', line 292, column 38] : ${glPackageExtendedDao} cannot be resolved.
2017-07-02 16:33:04,872 - Null reference [template 'om/ControlGenerateJava.vm', line 295, column 34] : ${glPackageBaseDao} cannot be resolved.
2017-07-02 16:33:04,930 - ResourceManager : found om/java/bsbhv/BaseBhv.vm with loader org.apache.velocity.runtime.resource.loader.FileResourceLoader
2017-07-02 16:33:04,962 - ResourceManager : found om/java/bsbhv/ReferrerLoader.vm with loader org.apache.velocity.runtime.resource.loader.FileResourceLoader
2017-07-02 16:33:04,976 - ResourceManager : found om/java/bsentity/BaseEntity.vm with loader org.apache.velocity.runtime.resource.loader.FileResourceLoader
2017-07-02 16:33:05,031 - ResourceManager : found om/java/bsentity/dbmeta/DBMetaImpl.vm with loader org.apache.velocity.runtime.resource.loader.FileResourceLoader
2017-07-02 16:33:05,048 - ResourceManager : found om/java/exbhv/ExtendedBhv.vm with loader org.apache.velocity.runtime.resource.loader.FileResourceLoader
2017-07-02 16:33:05,052 - ResourceManager : found om/java/exentity/ExtendedEntity.vm with loader org.apache.velocity.runtime.resource.loader.FileResourceLoader
2017-07-02 16:33:05,064 - ResourceManager : found om/java/cbean/BsConditionBean.vm with loader org.apache.velocity.runtime.resource.loader.FileResourceLoader
2017-07-02 16:33:05,097 - ResourceManager : found om/java/cbean/AbstractBsConditionQuery.vm with loader org.apache.velocity.runtime.resource.loader.FileResourceLoader
2017-07-02 16:33:05,099 - RHS of #set statement is null. Context will not be modified. om/java/cbean/AbstractBsConditionQuery.vm[line 70, column 1]
2017-07-02 16:33:05,102 - RHS of #set statement is null. Context will not be modified. om/java/cbean/AbstractBsConditionQuery.vm[line 70, column 1]
2017-07-02 16:33:05,105 - RHS of #set statement is null. Context will not be modified. om/java/cbean/AbstractBsConditionQuery.vm[line 70, column 1]
2017-07-02 16:33:05,107 - RHS of #set statement is null. Context will not be modified. om/java/cbean/AbstractBsConditionQuery.vm[line 70, column 1]
2017-07-02 16:33:05,111 - RHS of #set statement is null. Context will not be modified. om/java/cbean/AbstractBsConditionQuery.vm[line 70, column 1]
2017-07-02 16:33:05,115 - RHS of #set statement is null. Context will not be modified. om/java/cbean/AbstractBsConditionQuery.vm[line 70, column 1]
2017-07-02 16:33:05,117 - RHS of #set statement is null. Context will not be modified. om/java/cbean/AbstractBsConditionQuery.vm[line 70, column 1]
2017-07-02 16:33:05,119 - RHS of #set statement is null. Context will not be modified. om/java/cbean/AbstractBsConditionQuery.vm[line 70, column 1]
2017-07-02 16:33:05,122 - RHS of #set statement is null. Context will not be modified. om/java/cbean/AbstractBsConditionQuery.vm[line 70, column 1]
2017-07-02 16:33:05,125 - RHS of #set statement is null. Context will not be modified. om/java/cbean/AbstractBsConditionQuery.vm[line 70, column 1]
2017-07-02 16:33:05,127 - RHS of #set statement is null. Context will not be modified. om/java/cbean/AbstractBsConditionQuery.vm[line 70, column 1]
2017-07-02 16:33:05,129 - RHS of #set statement is null. Context will not be modified. om/java/cbean/AbstractBsConditionQuery.vm[line 70, column 1]
2017-07-02 16:33:05,140 - ResourceManager : found om/java/cbean/BsConditionInlineQuery.vm with loader org.apache.velocity.runtime.resource.loader.FileResourceLoader
2017-07-02 16:33:05,140 - RHS of #set statement is null. Context will not be modified. om/java/cbean/BsConditionInlineQuery.vm[line 84, column 1]
2017-07-02 16:33:05,140 - RHS of #set statement is null. Context will not be modified. om/java/cbean/BsConditionInlineQuery.vm[line 84, column 1]
2017-07-02 16:33:05,141 - RHS of #set statement is null. Context will not be modified. om/java/cbean/BsConditionInlineQuery.vm[line 84, column 1]
2017-07-02 16:33:05,141 - RHS of #set statement is null. Context will not be modified. om/java/cbean/BsConditionInlineQuery.vm[line 84, column 1]
2017-07-02 16:33:05,141 - RHS of #set statement is null. Context will not be modified. om/java/cbean/BsConditionInlineQuery.vm[line 84, column 1]
2017-07-02 16:33:05,142 - RHS of #set statement is null. Context will not be modified. om/java/cbean/BsConditionInlineQuery.vm[line 84, column 1]
2017-07-02 16:33:05,142 - RHS of #set statement is null. Context will not be modified. om/java/cbean/BsConditionInlineQuery.vm[line 84, column 1]
2017-07-02 16:33:05,142 - RHS of #set statement is null. Context will not be modified. om/java/cbean/BsConditionInlineQuery.vm[line 84, column 1]
2017-07-02 16:33:05,142 - RHS of #set statement is null. Context will not be modified. om/java/cbean/BsConditionInlineQuery.vm[line 84, column 1]
2017-07-02 16:33:05,142 - RHS of #set statement is null. Context will not be modified. om/java/cbean/BsConditionInlineQuery.vm[line 84, column 1]
2017-07-02 16:33:05,142 - RHS of #set statement is null. Context will not be modified. om/java/cbean/BsConditionInlineQuery.vm[line 84, column 1]
2017-07-02 16:33:05,142 - RHS of #set statement is null. Context will not be modified. om/java/cbean/BsConditionInlineQuery.vm[line 84, column 1]
2017-07-02 16:33:05,156 - ResourceManager : found om/java/cbean/BsConditionQuery.vm with loader org.apache.velocity.runtime.resource.loader.FileResourceLoader
2017-07-02 16:33:05,157 - RHS of #set statement is null. Context will not be modified. om/java/cbean/BsConditionQuery.vm[line 104, column 1]
2017-07-02 16:33:05,158 - RHS of #set statement is null. Context will not be modified. om/java/cbean/BsConditionQuery.vm[line 104, column 1]
2017-07-02 16:33:05,158 - RHS of #set statement is null. Context will not be modified. om/java/cbean/BsConditionQuery.vm[line 104, column 1]
2017-07-02 16:33:05,158 - RHS of #set statement is null. Context will not be modified. om/java/cbean/BsConditionQuery.vm[line 104, column 1]
2017-07-02 16:33:05,158 - RHS of #set statement is null. Context will not be modified. om/java/cbean/BsConditionQuery.vm[line 104, column 1]
2017-07-02 16:33:05,158 - RHS of #set statement is null. Context will not be modified. om/java/cbean/BsConditionQuery.vm[line 104, column 1]
2017-07-02 16:33:05,159 - RHS of #set statement is null. Context will not be modified. om/java/cbean/BsConditionQuery.vm[line 104, column 1]
2017-07-02 16:33:05,159 - RHS of #set statement is null. Context will not be modified. om/java/cbean/BsConditionQuery.vm[line 104, column 1]
2017-07-02 16:33:05,159 - RHS of #set statement is null. Context will not be modified. om/java/cbean/BsConditionQuery.vm[line 104, column 1]
2017-07-02 16:33:05,160 - RHS of #set statement is null. Context will not be modified. om/java/cbean/BsConditionQuery.vm[line 104, column 1]
2017-07-02 16:33:05,160 - RHS of #set statement is null. Context will not be modified. om/java/cbean/BsConditionQuery.vm[line 104, column 1]
2017-07-02 16:33:05,160 - RHS of #set statement is null. Context will not be modified. om/java/cbean/BsConditionQuery.vm[line 104, column 1]
2017-07-02 16:33:05,162 - ResourceManager : found om/java/cbean/ExConditionBean.vm with loader org.apache.velocity.runtime.resource.loader.FileResourceLoader
2017-07-02 16:33:05,163 - ResourceManager : found om/java/cbean/ExConditionQuery.vm with loader org.apache.velocity.runtime.resource.loader.FileResourceLoader
2017-07-02 16:33:07,893 - 
2017-07-02 16:33:07,893 - DfFlutistLog4JLogSystem initialized using logfile './log/velocity.log'
2017-07-02 16:33:07,893 - Initializing Velocity, Calling init()...
2017-07-02 16:33:07,893 - *******************************************************************
2017-07-02 16:33:07,893 - Starting Apache Velocity v1.7 (compiled: 2010-11-19 12:14:37)
2017-07-02 16:33:07,893 - RuntimeInstance initializing.
2017-07-02 16:33:07,893 - Default Properties File: org/apache/velocity/runtime/defaults/velocity.properties
2017-07-02 16:33:07,893 - Trying to use logger class org.dbflute.friends.velocity.DfFlutistLog4JLogSystem
2017-07-02 16:33:07,893 - Using logger class org.dbflute.friends.velocity.DfFlutistLog4JLogSystem
2017-07-02 16:33:07,895 - Default ResourceManager initializing. (class org.apache.velocity.runtime.resource.ResourceManagerImpl)
2017-07-02 16:33:07,899 - ResourceLoader instantiated: org.apache.velocity.runtime.resource.loader.FileResourceLoader
2017-07-02 16:33:07,900 - FileResourceLoader : initialization starting.
2017-07-02 16:33:07,901 - Do unicode file recognition:  false
2017-07-02 16:33:07,901 - FileResourceLoader : adding path '/Users/kosuke/project/springBoot/demoApp/mydbflute/dbflute-1.1.1/templates'
2017-07-02 16:33:07,901 - FileResourceLoader : initialization complete.
2017-07-02 16:33:07,913 - ResourceCache: initialized (class org.apache.velocity.runtime.resource.ResourceCacheImpl) with class java.util.Collections$SynchronizedMap cache map.
2017-07-02 16:33:07,913 - Default ResourceManager initialization complete.
2017-07-02 16:33:07,914 - Loaded System Directive: org.apache.velocity.runtime.directive.Stop
2017-07-02 16:33:07,916 - Loaded System Directive: org.apache.velocity.runtime.directive.Define
2017-07-02 16:33:07,920 - Loaded System Directive: org.apache.velocity.runtime.directive.Break
2017-07-02 16:33:07,921 - Loaded System Directive: org.apache.velocity.runtime.directive.Evaluate
2017-07-02 16:33:07,923 - Loaded System Directive: org.apache.velocity.runtime.directive.Literal
2017-07-02 16:33:07,925 - Loaded System Directive: org.apache.velocity.runtime.directive.Macro
2017-07-02 16:33:07,926 - Loaded System Directive: org.apache.velocity.runtime.directive.Parse
2017-07-02 16:33:07,927 - Loaded System Directive: org.apache.velocity.runtime.directive.Include
2017-07-02 16:33:07,928 - Loaded System Directive: org.apache.velocity.runtime.directive.Foreach
2017-07-02 16:33:07,958 - Created '20' parsers.
2017-07-02 16:33:07,964 - Velocimacro : initialization starting.
2017-07-02 16:33:07,964 - Velocimacro : "velocimacro.library" is not set.  Trying default library: VM_global_library.vm
2017-07-02 16:33:07,964 - Velocimacro : Default library not found.
2017-07-02 16:33:07,964 - Velocimacro : allowInline = true : VMs can be defined inline in templates
2017-07-02 16:33:07,965 - Velocimacro : allowInlineToOverride = false : VMs defined inline may NOT replace previous VM definitions
2017-07-02 16:33:07,965 - Velocimacro : allowInlineLocal = false : VMs defined inline will be global in scope if allowed.
2017-07-02 16:33:07,965 - Velocimacro : autoload off : VM system will not automatically reload global library macros
2017-07-02 16:33:07,965 - Velocimacro : Velocimacro : initialization complete.
2017-07-02 16:33:07,965 - RuntimeInstance successfully initialized.
2017-07-02 16:33:08,036 - ResourceManager : found om/ControlSql2EntityJava.vm with loader org.apache.velocity.runtime.resource.loader.FileResourceLoader
2017-07-02 16:41:13,974 - 
2017-07-02 16:41:13,975 - DfFlutistLog4JLogSystem initialized using logfile './log/velocity.log'
2017-07-02 16:41:13,975 - Initializing Velocity, Calling init()...
2017-07-02 16:41:13,975 - *******************************************************************
2017-07-02 16:41:13,975 - Starting Apache Velocity v1.7 (compiled: 2010-11-19 12:14:37)
2017-07-02 16:41:13,975 - RuntimeInstance initializing.
2017-07-02 16:41:13,975 - Default Properties File: org/apache/velocity/runtime/defaults/velocity.properties
2017-07-02 16:41:13,975 - Trying to use logger class org.dbflute.friends.velocity.DfFlutistLog4JLogSystem
2017-07-02 16:41:13,975 - Using logger class org.dbflute.friends.velocity.DfFlutistLog4JLogSystem
2017-07-02 16:41:13,978 - Default ResourceManager initializing. (class org.apache.velocity.runtime.resource.ResourceManagerImpl)
2017-07-02 16:41:13,982 - ResourceLoader instantiated: org.apache.velocity.runtime.resource.loader.FileResourceLoader
2017-07-02 16:41:13,983 - FileResourceLoader : initialization starting.
2017-07-02 16:41:13,983 - Do unicode file recognition:  false
2017-07-02 16:41:13,983 - FileResourceLoader : adding path '/Users/kosuke/project/springBoot/demoApp/mydbflute/dbflute-1.1.1/templates'
2017-07-02 16:41:13,983 - FileResourceLoader : initialization complete.
2017-07-02 16:41:13,995 - ResourceCache: initialized (class org.apache.velocity.runtime.resource.ResourceCacheImpl) with class java.util.Collections$SynchronizedMap cache map.
2017-07-02 16:41:13,995 - Default ResourceManager initialization complete.
2017-07-02 16:41:13,996 - Loaded System Directive: org.apache.velocity.runtime.directive.Stop
2017-07-02 16:41:13,997 - Loaded System Directive: org.apache.velocity.runtime.directive.Define
2017-07-02 16:41:13,998 - Loaded System Directive: org.apache.velocity.runtime.directive.Break
2017-07-02 16:41:13,999 - Loaded System Directive: org.apache.velocity.runtime.directive.Evaluate
2017-07-02 16:41:14,000 - Loaded System Directive: org.apache.velocity.runtime.directive.Literal
2017-07-02 16:41:14,001 - Loaded System Directive: org.apache.velocity.runtime.directive.Macro
2017-07-02 16:41:14,003 - Loaded System Directive: org.apache.velocity.runtime.directive.Parse
2017-07-02 16:41:14,005 - Loaded System Directive: org.apache.velocity.runtime.directive.Include
2017-07-02 16:41:14,007 - Loaded System Directive: org.apache.velocity.runtime.directive.Foreach
2017-07-02 16:41:14,041 - Created '20' parsers.
2017-07-02 16:41:14,046 - Velocimacro : initialization starting.
2017-07-02 16:41:14,046 - Velocimacro : "velocimacro.library" is not set.  Trying default library: VM_global_library.vm
2017-07-02 16:41:14,047 - Velocimacro : Default library not found.
2017-07-02 16:41:14,047 - Velocimacro : allowInline = true : VMs can be defined inline in templates
2017-07-02 16:41:14,047 - Velocimacro : allowInlineToOverride = false : VMs defined inline may NOT replace previous VM definitions
2017-07-02 16:41:14,047 - Velocimacro : allowInlineLocal = false : VMs defined inline will be global in scope if allowed.
2017-07-02 16:41:14,047 - Velocimacro : autoload off : VM system will not automatically reload global library macros
2017-07-02 16:41:14,047 - Velocimacro : Velocimacro : initialization complete.
2017-07-02 16:41:14,047 - RuntimeInstance successfully initialized.
2017-07-02 16:41:14,065 - ResourceManager : found doc/ControlDocument.vm with loader org.apache.velocity.runtime.resource.loader.FileResourceLoader
2017-07-02 16:41:14,144 - ResourceManager : found doc/html/datamodel.vm with loader org.apache.velocity.runtime.resource.loader.FileResourceLoader
2017-07-02 16:41:14,175 - ResourceManager : found doc/html/table.vm with loader org.apache.velocity.runtime.resource.loader.FileResourceLoader
2017-07-02 16:41:16,454 - 
2017-07-02 16:41:16,454 - DfFlutistLog4JLogSystem initialized using logfile './log/velocity.log'
2017-07-02 16:41:16,454 - Initializing Velocity, Calling init()...
2017-07-02 16:41:16,454 - *******************************************************************
2017-07-02 16:41:16,454 - Starting Apache Velocity v1.7 (compiled: 2010-11-19 12:14:37)
2017-07-02 16:41:16,454 - RuntimeInstance initializing.
2017-07-02 16:41:16,454 - Default Properties File: org/apache/velocity/runtime/defaults/velocity.properties
2017-07-02 16:41:16,454 - Trying to use logger class org.dbflute.friends.velocity.DfFlutistLog4JLogSystem
2017-07-02 16:41:16,454 - Using logger class org.dbflute.friends.velocity.DfFlutistLog4JLogSystem
2017-07-02 16:41:16,456 - Default ResourceManager initializing. (class org.apache.velocity.runtime.resource.ResourceManagerImpl)
2017-07-02 16:41:16,458 - ResourceLoader instantiated: org.apache.velocity.runtime.resource.loader.FileResourceLoader
2017-07-02 16:41:16,459 - FileResourceLoader : initialization starting.
2017-07-02 16:41:16,459 - Do unicode file recognition:  false
2017-07-02 16:41:16,459 - FileResourceLoader : adding path '/Users/kosuke/project/springBoot/demoApp/mydbflute/dbflute-1.1.1/templates'
2017-07-02 16:41:16,459 - FileResourceLoader : initialization complete.
2017-07-02 16:41:16,468 - ResourceCache: initialized (class org.apache.velocity.runtime.resource.ResourceCacheImpl) with class java.util.Collections$SynchronizedMap cache map.
2017-07-02 16:41:16,468 - Default ResourceManager initialization complete.
2017-07-02 16:41:16,469 - Loaded System Directive: org.apache.velocity.runtime.directive.Stop
2017-07-02 16:41:16,470 - Loaded System Directive: org.apache.velocity.runtime.directive.Define
2017-07-02 16:41:16,471 - Loaded System Directive: org.apache.velocity.runtime.directive.Break
2017-07-02 16:41:16,472 - Loaded System Directive: org.apache.velocity.runtime.directive.Evaluate
2017-07-02 16:41:16,472 - Loaded System Directive: org.apache.velocity.runtime.directive.Literal
2017-07-02 16:41:16,474 - Loaded System Directive: org.apache.velocity.runtime.directive.Macro
2017-07-02 16:41:16,475 - Loaded System Directive: org.apache.velocity.runtime.directive.Parse
2017-07-02 16:41:16,477 - Loaded System Directive: org.apache.velocity.runtime.directive.Include
2017-07-02 16:41:16,478 - Loaded System Directive: org.apache.velocity.runtime.directive.Foreach
2017-07-02 16:41:16,507 - Created '20' parsers.
2017-07-02 16:41:16,511 - Velocimacro : initialization starting.
2017-07-02 16:41:16,511 - Velocimacro : "velocimacro.library" is not set.  Trying default library: VM_global_library.vm
2017-07-02 16:41:16,511 - Velocimacro : Default library not found.
2017-07-02 16:41:16,511 - Velocimacro : allowInline = true : VMs can be defined inline in templates
2017-07-02 16:41:16,511 - Velocimacro : allowInlineToOverride = false : VMs defined inline may NOT replace previous VM definitions
2017-07-02 16:41:16,511 - Velocimacro : allowInlineLocal = false : VMs defined inline will be global in scope if allowed.
2017-07-02 16:41:16,511 - Velocimacro : autoload off : VM system will not automatically reload global library macros
2017-07-02 16:41:16,511 - Velocimacro : Velocimacro : initialization complete.
2017-07-02 16:41:16,511 - RuntimeInstance successfully initialized.
2017-07-02 16:41:16,582 - ResourceManager : found om/ControlGenerateJava.vm with loader org.apache.velocity.runtime.resource.loader.FileResourceLoader
2017-07-02 16:41:16,664 - ResourceManager : found om/java/allcommon/CDef.vm with loader org.apache.velocity.runtime.resource.loader.FileResourceLoader
2017-07-02 16:41:16,697 - ResourceManager : found om/java/allcommon/DBCurrent.vm with loader org.apache.velocity.runtime.resource.loader.FileResourceLoader
2017-07-02 16:41:16,712 - ResourceManager : found om/java/allcommon/DBFluteConfig.vm with loader org.apache.velocity.runtime.resource.loader.FileResourceLoader
2017-07-02 16:41:16,723 - Null reference [template 'om/java/allcommon/DBFluteConfig.vm', line 1107, column 59] : $PoolGuardConnectionWrapper cannot be resolved.
2017-07-02 16:41:16,730 - ResourceManager : found om/java/allcommon/DBFluteInitializer.vm with loader org.apache.velocity.runtime.resource.loader.FileResourceLoader
2017-07-02 16:41:16,736 - ResourceManager : found om/java/allcommon/DBMetaInstanceHandler.vm with loader org.apache.velocity.runtime.resource.loader.FileResourceLoader
2017-07-02 16:41:16,751 - ResourceManager : found om/java/allcommon/EntityDefinedCommonColumn.vm with loader org.apache.velocity.runtime.resource.loader.FileResourceLoader
2017-07-02 16:41:16,772 - ResourceManager : found om/java/allcommon/ImplementedBehaviorSelector.vm with loader org.apache.velocity.runtime.resource.loader.FileResourceLoader
2017-07-02 16:41:16,781 - ResourceManager : found om/java/allcommon/ImplementedCommonColumnAutoSetupper.vm with loader org.apache.velocity.runtime.resource.loader.FileResourceLoader
2017-07-02 16:41:16,795 - ResourceManager : found om/java/allcommon/ImplementedInvokerAssistant.vm with loader org.apache.velocity.runtime.resource.loader.FileResourceLoader
2017-07-02 16:41:16,801 - ResourceManager : found om/java/allcommon/ImplementedSqlClauseCreator.vm with loader org.apache.velocity.runtime.resource.loader.FileResourceLoader
2017-07-02 16:41:16,807 - ResourceManager : found om/java/allcommon/container/spring/SpringDBFluteBeansJavaConfig.vm with loader org.apache.velocity.runtime.resource.loader.FileResourceLoader
2017-07-02 16:41:16,846 - Null reference [template 'om/ControlGenerateJava.vm', line 292, column 38] : ${glPackageExtendedDao} cannot be resolved.
2017-07-02 16:41:16,846 - Null reference [template 'om/ControlGenerateJava.vm', line 295, column 34] : ${glPackageBaseDao} cannot be resolved.
2017-07-02 16:41:16,873 - ResourceManager : found om/java/bsbhv/BaseBhv.vm with loader org.apache.velocity.runtime.resource.loader.FileResourceLoader
2017-07-02 16:41:16,907 - ResourceManager : found om/java/bsbhv/ReferrerLoader.vm with loader org.apache.velocity.runtime.resource.loader.FileResourceLoader
2017-07-02 16:41:16,925 - ResourceManager : found om/java/bsentity/BaseEntity.vm with loader org.apache.velocity.runtime.resource.loader.FileResourceLoader
2017-07-02 16:41:16,956 - ResourceManager : found om/java/bsentity/dbmeta/DBMetaImpl.vm with loader org.apache.velocity.runtime.resource.loader.FileResourceLoader
2017-07-02 16:41:16,996 - ResourceManager : found om/java/cbean/BsConditionBean.vm with loader org.apache.velocity.runtime.resource.loader.FileResourceLoader
2017-07-02 16:41:17,030 - ResourceManager : found om/java/cbean/AbstractBsConditionQuery.vm with loader org.apache.velocity.runtime.resource.loader.FileResourceLoader
2017-07-02 16:41:17,031 - RHS of #set statement is null. Context will not be modified. om/java/cbean/AbstractBsConditionQuery.vm[line 70, column 1]
2017-07-02 16:41:17,034 - RHS of #set statement is null. Context will not be modified. om/java/cbean/AbstractBsConditionQuery.vm[line 70, column 1]
2017-07-02 16:41:17,037 - RHS of #set statement is null. Context will not be modified. om/java/cbean/AbstractBsConditionQuery.vm[line 70, column 1]
2017-07-02 16:41:17,042 - RHS of #set statement is null. Context will not be modified. om/java/cbean/AbstractBsConditionQuery.vm[line 70, column 1]
2017-07-02 16:41:17,048 - RHS of #set statement is null. Context will not be modified. om/java/cbean/AbstractBsConditionQuery.vm[line 70, column 1]
2017-07-02 16:41:17,051 - RHS of #set statement is null. Context will not be modified. om/java/cbean/AbstractBsConditionQuery.vm[line 70, column 1]
2017-07-02 16:41:17,056 - RHS of #set statement is null. Context will not be modified. om/java/cbean/AbstractBsConditionQuery.vm[line 70, column 1]
2017-07-02 16:41:17,060 - RHS of #set statement is null. Context will not be modified. om/java/cbean/AbstractBsConditionQuery.vm[line 70, column 1]
2017-07-02 16:41:17,067 - RHS of #set statement is null. Context will not be modified. om/java/cbean/AbstractBsConditionQuery.vm[line 70, column 1]
2017-07-02 16:41:17,073 - RHS of #set statement is null. Context will not be modified. om/java/cbean/AbstractBsConditionQuery.vm[line 70, column 1]
2017-07-02 16:41:17,080 - RHS of #set statement is null. Context will not be modified. om/java/cbean/AbstractBsConditionQuery.vm[line 70, column 1]
2017-07-02 16:41:17,083 - RHS of #set statement is null. Context will not be modified. om/java/cbean/AbstractBsConditionQuery.vm[line 70, column 1]
2017-07-02 16:41:17,098 - ResourceManager : found om/java/cbean/BsConditionInlineQuery.vm with loader org.apache.velocity.runtime.resource.loader.FileResourceLoader
2017-07-02 16:41:17,098 - RHS of #set statement is null. Context will not be modified. om/java/cbean/BsConditionInlineQuery.vm[line 84, column 1]
2017-07-02 16:41:17,099 - RHS of #set statement is null. Context will not be modified. om/java/cbean/BsConditionInlineQuery.vm[line 84, column 1]
2017-07-02 16:41:17,099 - RHS of #set statement is null. Context will not be modified. om/java/cbean/BsConditionInlineQuery.vm[line 84, column 1]
2017-07-02 16:41:17,100 - RHS of #set statement is null. Context will not be modified. om/java/cbean/BsConditionInlineQuery.vm[line 84, column 1]
2017-07-02 16:41:17,100 - RHS of #set statement is null. Context will not be modified. om/java/cbean/BsConditionInlineQuery.vm[line 84, column 1]
2017-07-02 16:41:17,101 - RHS of #set statement is null. Context will not be modified. om/java/cbean/BsConditionInlineQuery.vm[line 84, column 1]
2017-07-02 16:41:17,101 - RHS of #set statement is null. Context will not be modified. om/java/cbean/BsConditionInlineQuery.vm[line 84, column 1]
2017-07-02 16:41:17,101 - RHS of #set statement is null. Context will not be modified. om/java/cbean/BsConditionInlineQuery.vm[line 84, column 1]
2017-07-02 16:41:17,101 - RHS of #set statement is null. Context will not be modified. om/java/cbean/BsConditionInlineQuery.vm[line 84, column 1]
2017-07-02 16:41:17,101 - RHS of #set statement is null. Context will not be modified. om/java/cbean/BsConditionInlineQuery.vm[line 84, column 1]
2017-07-02 16:41:17,101 - RHS of #set statement is null. Context will not be modified. om/java/cbean/BsConditionInlineQuery.vm[line 84, column 1]
2017-07-02 16:41:17,101 - RHS of #set statement is null. Context will not be modified. om/java/cbean/BsConditionInlineQuery.vm[line 84, column 1]
2017-07-02 16:41:17,120 - ResourceManager : found om/java/cbean/BsConditionQuery.vm with loader org.apache.velocity.runtime.resource.loader.FileResourceLoader
2017-07-02 16:41:17,121 - RHS of #set statement is null. Context will not be modified. om/java/cbean/BsConditionQuery.vm[line 104, column 1]
2017-07-02 16:41:17,121 - RHS of #set statement is null. Context will not be modified. om/java/cbean/BsConditionQuery.vm[line 104, column 1]
2017-07-02 16:41:17,122 - RHS of #set statement is null. Context will not be modified. om/java/cbean/BsConditionQuery.vm[line 104, column 1]
2017-07-02 16:41:17,122 - RHS of #set statement is null. Context will not be modified. om/java/cbean/BsConditionQuery.vm[line 104, column 1]
2017-07-02 16:41:17,122 - RHS of #set statement is null. Context will not be modified. om/java/cbean/BsConditionQuery.vm[line 104, column 1]
2017-07-02 16:41:17,122 - RHS of #set statement is null. Context will not be modified. om/java/cbean/BsConditionQuery.vm[line 104, column 1]
2017-07-02 16:41:17,123 - RHS of #set statement is null. Context will not be modified. om/java/cbean/BsConditionQuery.vm[line 104, column 1]
2017-07-02 16:41:17,123 - RHS of #set statement is null. Context will not be modified. om/java/cbean/BsConditionQuery.vm[line 104, column 1]
2017-07-02 16:41:17,123 - RHS of #set statement is null. Context will not be modified. om/java/cbean/BsConditionQuery.vm[line 104, column 1]
2017-07-02 16:41:17,123 - RHS of #set statement is null. Context will not be modified. om/java/cbean/BsConditionQuery.vm[line 104, column 1]
2017-07-02 16:41:17,123 - RHS of #set statement is null. Context will not be modified. om/java/cbean/BsConditionQuery.vm[line 104, column 1]
2017-07-02 16:41:17,123 - RHS of #set statement is null. Context will not be modified. om/java/cbean/BsConditionQuery.vm[line 104, column 1]
2017-07-02 16:41:20,896 - 
2017-07-02 16:41:20,896 - DfFlutistLog4JLogSystem initialized using logfile './log/velocity.log'
2017-07-02 16:41:20,896 - Initializing Velocity, Calling init()...
2017-07-02 16:41:20,896 - *******************************************************************
2017-07-02 16:41:20,896 - Starting Apache Velocity v1.7 (compiled: 2010-11-19 12:14:37)
2017-07-02 16:41:20,896 - RuntimeInstance initializing.
2017-07-02 16:41:20,896 - Default Properties File: org/apache/velocity/runtime/defaults/velocity.properties
2017-07-02 16:41:20,896 - Trying to use logger class org.dbflute.friends.velocity.DfFlutistLog4JLogSystem
2017-07-02 16:41:20,896 - Using logger class org.dbflute.friends.velocity.DfFlutistLog4JLogSystem
2017-07-02 16:41:20,898 - Default ResourceManager initializing. (class org.apache.velocity.runtime.resource.ResourceManagerImpl)
2017-07-02 16:41:20,901 - ResourceLoader instantiated: org.apache.velocity.runtime.resource.loader.FileResourceLoader
2017-07-02 16:41:20,902 - FileResourceLoader : initialization starting.
2017-07-02 16:41:20,902 - Do unicode file recognition:  false
2017-07-02 16:41:20,902 - FileResourceLoader : adding path '/Users/kosuke/project/springBoot/demoApp/mydbflute/dbflute-1.1.1/templates'
2017-07-02 16:41:20,902 - FileResourceLoader : initialization complete.
2017-07-02 16:41:20,911 - ResourceCache: initialized (class org.apache.velocity.runtime.resource.ResourceCacheImpl) with class java.util.Collections$SynchronizedMap cache map.
2017-07-02 16:41:20,911 - Default ResourceManager initialization complete.
2017-07-02 16:41:20,912 - Loaded System Directive: org.apache.velocity.runtime.directive.Stop
2017-07-02 16:41:20,913 - Loaded System Directive: org.apache.velocity.runtime.directive.Define
2017-07-02 16:41:20,913 - Loaded System Directive: org.apache.velocity.runtime.directive.Break
2017-07-02 16:41:20,914 - Loaded System Directive: org.apache.velocity.runtime.directive.Evaluate
2017-07-02 16:41:20,914 - Loaded System Directive: org.apache.velocity.runtime.directive.Literal
2017-07-02 16:41:20,915 - Loaded System Directive: org.apache.velocity.runtime.directive.Macro
2017-07-02 16:41:20,916 - Loaded System Directive: org.apache.velocity.runtime.directive.Parse
2017-07-02 16:41:20,917 - Loaded System Directive: org.apache.velocity.runtime.directive.Include
2017-07-02 16:41:20,918 - Loaded System Directive: org.apache.velocity.runtime.directive.Foreach
2017-07-02 16:41:20,940 - Created '20' parsers.
2017-07-02 16:41:20,944 - Velocimacro : initialization starting.
2017-07-02 16:41:20,944 - Velocimacro : "velocimacro.library" is not set.  Trying default library: VM_global_library.vm
2017-07-02 16:41:20,944 - Velocimacro : Default library not found.
2017-07-02 16:41:20,944 - Velocimacro : allowInline = true : VMs can be defined inline in templates
2017-07-02 16:41:20,944 - Velocimacro : allowInlineToOverride = false : VMs defined inline may NOT replace previous VM definitions
2017-07-02 16:41:20,944 - Velocimacro : allowInlineLocal = false : VMs defined inline will be global in scope if allowed.
2017-07-02 16:41:20,945 - Velocimacro : autoload off : VM system will not automatically reload global library macros
2017-07-02 16:41:20,945 - Velocimacro : Velocimacro : initialization complete.
2017-07-02 16:41:20,945 - RuntimeInstance successfully initialized.
2017-07-02 16:41:20,995 - ResourceManager : found om/ControlSql2EntityJava.vm with loader org.apache.velocity.runtime.resource.loader.FileResourceLoader
